###############################################################################
#
# IAR ANSI C/C++ Compiler V9.10.1.308/W64 for ARM         23/Oct/2024  11:53:46
# Copyright 1999-2021 IAR Systems AB.
#
#    Cpu mode          =  thumb
#    Endian            =  little
#    Source file       =
#        E:\Engineer\TA Work\04-Fall-24\CSE211 Introduction to
#        Embedded\2_Hands-on_Projects\Lab_Projects\2_Embedded_C\3_LED_Toggle_TivaC\main.c
#    Command line      =
#        -f "E:\Engineer\TA Work\04-Fall-24\CSE211 Introduction to
#        Embedded\2_Hands-on_Projects\Lab_Projects\2_Embedded_C\3_LED_Toggle_TivaC\Debug\Obj\main.o.rsp"
#        ("E:\Engineer\TA Work\04-Fall-24\CSE211 Introduction to
#        Embedded\2_Hands-on_Projects\Lab_Projects\2_Embedded_C\3_LED_Toggle_TivaC\main.c"
#        -lcN "E:\Engineer\TA Work\04-Fall-24\CSE211 Introduction to
#        Embedded\2_Hands-on_Projects\Lab_Projects\2_Embedded_C\3_LED_Toggle_TivaC\Debug\List\\"
#        -lb "E:\Engineer\TA Work\04-Fall-24\CSE211 Introduction to
#        Embedded\2_Hands-on_Projects\Lab_Projects\2_Embedded_C\3_LED_Toggle_TivaC\Debug\List\\"
#        --remarks -o "E:\Engineer\TA Work\04-Fall-24\CSE211 Introduction to
#        Embedded\2_Hands-on_Projects\Lab_Projects\2_Embedded_C\3_LED_Toggle_TivaC\Debug\Obj\\"
#        --no_cse --no_unroll --no_inline --no_code_motion --no_tbaa
#        --no_clustering --no_scheduling --debug --endian=little
#        --cpu=Cortex-M4 -e --fpu=VFPv4_sp --dlib_config "C:\Program Files\IAR
#        Systems\Embedded Workbench 9.0\arm\inc\c\DLib_Config_Normal.h" -On)
#        --dependencies=n "E:\Engineer\TA Work\04-Fall-24\CSE211 Introduction
#        to
#        Embedded\2_Hands-on_Projects\Lab_Projects\2_Embedded_C\3_LED_Toggle_TivaC\Debug\Obj\main.o.d"
#    Locale            =  C
#    List file         =
#        E:\Engineer\TA Work\04-Fall-24\CSE211 Introduction to
#        Embedded\2_Hands-on_Projects\Lab_Projects\2_Embedded_C\3_LED_Toggle_TivaC\Debug\List\\main.lst
#    Object file       =
#        E:\Engineer\TA Work\04-Fall-24\CSE211 Introduction to
#        Embedded\2_Hands-on_Projects\Lab_Projects\2_Embedded_C\3_LED_Toggle_TivaC\Debug\Obj\\main.o
#    Runtime model:       
#      __SystemLibrary =  DLib
#
###############################################################################

E:\Engineer\TA Work\04-Fall-24\CSE211 Introduction to Embedded\2_Hands-on_Projects\Lab_Projects\2_Embedded_C\3_LED_Toggle_TivaC\main.c
      1          #include "tm4c123gh6pm.h"
      2          
      3          void delay(int count) {
      4              volatile int i;
      5              for (i = 0; i < count; i++);
      6          }
      7          
      8          int main(void) {
      9              // Step 1: Enable the clock for GPIO Port F
     10              SYSCTL_RCGCGPIO_R |= 0x20; // Enable clock for Port F (bit 5)
     11              
     12              // Step 2: Set PF1 (red LED) as output
     13              GPIO_PORTF_DIR_R |= RED_LED; // Set PF1 as output
     14              GPIO_PORTF_DEN_R |= RED_LED; // Enable digital functionality for PF1
     15          
     16              while(1) {
     17                  // Step 3: Toggle the red LED
     18                  GPIO_PORTF_DATA_R ^= RED_LED; // Toggle the red LED
     19                  
     20                  // Step 4: Delay for a bit
     21                  delay(1000000); // Adjust delay for blink rate
     22              }
     23              return 0;
     24          }

   Maximum stack usage in bytes:

   .cstack Function
   ------- --------
       4   delay
       8   main
         8   -> delay


   Section sizes:

   Bytes  Function/Label
   -----  --------------
       4  ??DataTable1
       4  ??DataTable1_1
       4  ??DataTable1_2
       4  ??DataTable1_3
       4  ??DataTable1_4
      24  delay
      58  main

 
 102 bytes in section .text
 
 102 bytes of CODE memory

Errors: none
Warnings: 1
